{"message":"API server listening on host ::, port 3000!","level":"info"}
{"0":"S","1":"e","2":"r","3":"v","4":"e","5":"r","6":" ","7":"s","8":"e","9":"l","10":"e","11":"c","12":"t","13":"i","14":"o","15":"n","16":" ","17":"t","18":"i","19":"m","20":"e","21":"d","22":" ","23":"o","24":"u","25":"t","26":" ","27":"a","28":"f","29":"t","30":"e","31":"r","32":" ","33":"5","34":"0","35":"0","36":"0","37":" ","38":"m","39":"s","level":"error","message":"mongoose sys error "}
{"0":"S","1":"e","2":"r","3":"v","4":"e","5":"r","6":" ","7":"s","8":"e","9":"l","10":"e","11":"c","12":"t","13":"i","14":"o","15":"n","16":" ","17":"t","18":"i","19":"m","20":"e","21":"d","22":" ","23":"o","24":"u","25":"t","26":" ","27":"a","28":"f","29":"t","30":"e","31":"r","32":" ","33":"5","34":"0","35":"0","36":"0","37":" ","38":"m","39":"s","level":"error","message":"mongoose log error "}
{"0":"S","1":"e","2":"r","3":"v","4":"e","5":"r","6":" ","7":"s","8":"e","9":"l","10":"e","11":"c","12":"t","13":"i","14":"o","15":"n","16":" ","17":"t","18":"i","19":"m","20":"e","21":"d","22":" ","23":"o","24":"u","25":"t","26":" ","27":"a","28":"f","29":"t","30":"e","31":"r","32":" ","33":"5","34":"0","35":"0","36":"0","37":" ","38":"m","39":"s","level":"error","message":"mongoose etl error "}
{"0":"S","1":"e","2":"r","3":"v","4":"e","5":"r","6":" ","7":"s","8":"e","9":"l","10":"e","11":"c","12":"t","13":"i","14":"o","15":"n","16":" ","17":"t","18":"i","19":"m","20":"e","21":"d","22":" ","23":"o","24":"u","25":"t","26":" ","27":"a","28":"f","29":"t","30":"e","31":"r","32":" ","33":"5","34":"0","35":"0","36":"0","37":" ","38":"m","39":"s","level":"error","message":"mongoose arc error "}
{"message":"Redis database connection successful","level":"info"}
{"command":"SCRIPT","args":["LOAD","local msg = redis.call( \"keys\", \"q:jobs:*:inactive\" )\n        local need_fix = 0\n        for i,v in ipairs(msg) do\n          local queue = redis.call( \"zcard\", v )\n          local jt = string.match(v, \"q:jobs:(.*):inactive\")\n          local pending = redis.call( \"LLEN\", \"q:\" .. jt .. \":jobs\" )\n          if queue > pending then\n            need_fix = need_fix + 1\n            for j=1,(queue-pending) do\n              redis.call( \"lpush\", \"q:\"..jt..\":jobs\", 1 )\n            end\n          end\n        end\n        return need_fix"],"code":"ERR","level":"error","message":"Queue Error...  ERR unknown command 'script'","stack":"ReplyError: ERR unknown command 'script'\n    at parseError (C:\\Users\\Admin\\Desktop\\new_proj\\project\\com.myproject.server\\node_modules\\redis-parser\\lib\\parser.js:193:12)\n    at parseType (C:\\Users\\Admin\\Desktop\\new_proj\\project\\com.myproject.server\\node_modules\\redis-parser\\lib\\parser.js:303:14)"}
{"0":"m","1":"o","2":"n","3":"g","4":"o","5":"d","6":"b","7":":","8":"/","9":"/","10":"l","11":"o","12":"c","13":"a","14":"l","15":"h","16":"o","17":"s","18":"t","19":":","20":"2","21":"7","22":"0","23":"1","24":"7","25":"/","26":"u","27":"s","28":"e","29":"r","30":"-","31":"t","32":"e","33":"s","34":"t","level":"error","message":"MONGO SYS CONNECTION FAILED => trying again "}
{"0":"m","1":"o","2":"n","3":"g","4":"o","5":"d","6":"b","7":":","8":"/","9":"/","10":"l","11":"o","12":"c","13":"a","14":"l","15":"h","16":"o","17":"s","18":"t","19":":","20":"2","21":"7","22":"0","23":"1","24":"7","25":"/","26":"u","27":"s","28":"e","29":"r","30":"-","31":"l","32":"o","33":"g","level":"error","message":"MONGO LOG CONNECTION FAILED => trying again "}
{"0":"m","1":"o","2":"n","3":"g","4":"o","5":"d","6":"b","7":":","8":"/","9":"/","10":"l","11":"o","12":"c","13":"a","14":"l","15":"h","16":"o","17":"s","18":"t","19":":","20":"2","21":"7","22":"0","23":"1","24":"7","25":"/","26":"u","27":"s","28":"e","29":"r","30":"-","31":"e","32":"t","33":"l","level":"error","message":"MONGO ETL CONNECTION FAILED => trying again "}
{"0":"m","1":"o","2":"n","3":"g","4":"o","5":"d","6":"b","7":":","8":"/","9":"/","10":"l","11":"o","12":"c","13":"a","14":"l","15":"h","16":"o","17":"s","18":"t","19":":","20":"2","21":"7","22":"0","23":"1","24":"7","25":"/","26":"u","27":"s","28":"e","29":"r","30":"_","31":"d","32":"e","33":"t","34":"a","35":"i","36":"l","37":"s","level":"error","message":"MONGO ARC CONNECTION FAILED => trying again "}
{"0":"m","1":"o","2":"n","3":"g","4":"o","5":"d","6":"b","7":":","8":"/","9":"/","10":"l","11":"o","12":"c","13":"a","14":"l","15":"h","16":"o","17":"s","18":"t","19":":","20":"2","21":"7","22":"0","23":"1","24":"7","25":"/","26":"u","27":"s","28":"e","29":"r","30":"-","31":"t","32":"e","33":"s","34":"t","level":"error","message":"MONGO SYS CONNECTION FAILED => trying again "}
{"0":"m","1":"o","2":"n","3":"g","4":"o","5":"d","6":"b","7":":","8":"/","9":"/","10":"l","11":"o","12":"c","13":"a","14":"l","15":"h","16":"o","17":"s","18":"t","19":":","20":"2","21":"7","22":"0","23":"1","24":"7","25":"/","26":"u","27":"s","28":"e","29":"r","30":"-","31":"l","32":"o","33":"g","level":"error","message":"MONGO LOG CONNECTION FAILED => trying again "}
{"0":"m","1":"o","2":"n","3":"g","4":"o","5":"d","6":"b","7":":","8":"/","9":"/","10":"l","11":"o","12":"c","13":"a","14":"l","15":"h","16":"o","17":"s","18":"t","19":":","20":"2","21":"7","22":"0","23":"1","24":"7","25":"/","26":"u","27":"s","28":"e","29":"r","30":"-","31":"e","32":"t","33":"l","level":"error","message":"MONGO ETL CONNECTION FAILED => trying again "}
{"0":"m","1":"o","2":"n","3":"g","4":"o","5":"d","6":"b","7":":","8":"/","9":"/","10":"l","11":"o","12":"c","13":"a","14":"l","15":"h","16":"o","17":"s","18":"t","19":":","20":"2","21":"7","22":"0","23":"1","24":"7","25":"/","26":"u","27":"s","28":"e","29":"r","30":"_","31":"d","32":"e","33":"t","34":"a","35":"i","36":"l","37":"s","level":"error","message":"MONGO ARC CONNECTION FAILED => trying again "}
{"0":"m","1":"o","2":"n","3":"g","4":"o","5":"d","6":"b","7":":","8":"/","9":"/","10":"l","11":"o","12":"c","13":"a","14":"l","15":"h","16":"o","17":"s","18":"t","19":":","20":"2","21":"7","22":"0","23":"1","24":"7","25":"/","26":"u","27":"s","28":"e","29":"r","30":"-","31":"t","32":"e","33":"s","34":"t","level":"error","message":"MONGO SYS CONNECTION FAILED => trying again "}
{"0":"m","1":"o","2":"n","3":"g","4":"o","5":"d","6":"b","7":":","8":"/","9":"/","10":"l","11":"o","12":"c","13":"a","14":"l","15":"h","16":"o","17":"s","18":"t","19":":","20":"2","21":"7","22":"0","23":"1","24":"7","25":"/","26":"u","27":"s","28":"e","29":"r","30":"-","31":"l","32":"o","33":"g","level":"error","message":"MONGO LOG CONNECTION FAILED => trying again "}
{"0":"m","1":"o","2":"n","3":"g","4":"o","5":"d","6":"b","7":":","8":"/","9":"/","10":"l","11":"o","12":"c","13":"a","14":"l","15":"h","16":"o","17":"s","18":"t","19":":","20":"2","21":"7","22":"0","23":"1","24":"7","25":"/","26":"u","27":"s","28":"e","29":"r","30":"-","31":"e","32":"t","33":"l","level":"error","message":"MONGO ETL CONNECTION FAILED => trying again "}
{"0":"m","1":"o","2":"n","3":"g","4":"o","5":"d","6":"b","7":":","8":"/","9":"/","10":"l","11":"o","12":"c","13":"a","14":"l","15":"h","16":"o","17":"s","18":"t","19":":","20":"2","21":"7","22":"0","23":"1","24":"7","25":"/","26":"u","27":"s","28":"e","29":"r","30":"_","31":"d","32":"e","33":"t","34":"a","35":"i","36":"l","37":"s","level":"error","message":"MONGO ARC CONNECTION FAILED => trying again "}
{"0":"m","1":"o","2":"n","3":"g","4":"o","5":"d","6":"b","7":":","8":"/","9":"/","10":"l","11":"o","12":"c","13":"a","14":"l","15":"h","16":"o","17":"s","18":"t","19":":","20":"2","21":"7","22":"0","23":"1","24":"7","25":"/","26":"u","27":"s","28":"e","29":"r","30":"-","31":"t","32":"e","33":"s","34":"t","level":"error","message":"MONGO SYS CONNECTION FAILED => trying again "}
{"0":"m","1":"o","2":"n","3":"g","4":"o","5":"d","6":"b","7":":","8":"/","9":"/","10":"l","11":"o","12":"c","13":"a","14":"l","15":"h","16":"o","17":"s","18":"t","19":":","20":"2","21":"7","22":"0","23":"1","24":"7","25":"/","26":"u","27":"s","28":"e","29":"r","30":"-","31":"l","32":"o","33":"g","level":"error","message":"MONGO LOG CONNECTION FAILED => trying again "}
{"0":"m","1":"o","2":"n","3":"g","4":"o","5":"d","6":"b","7":":","8":"/","9":"/","10":"l","11":"o","12":"c","13":"a","14":"l","15":"h","16":"o","17":"s","18":"t","19":":","20":"2","21":"7","22":"0","23":"1","24":"7","25":"/","26":"u","27":"s","28":"e","29":"r","30":"-","31":"e","32":"t","33":"l","level":"error","message":"MONGO ETL CONNECTION FAILED => trying again "}
{"0":"m","1":"o","2":"n","3":"g","4":"o","5":"d","6":"b","7":":","8":"/","9":"/","10":"l","11":"o","12":"c","13":"a","14":"l","15":"h","16":"o","17":"s","18":"t","19":":","20":"2","21":"7","22":"0","23":"1","24":"7","25":"/","26":"u","27":"s","28":"e","29":"r","30":"_","31":"d","32":"e","33":"t","34":"a","35":"i","36":"l","37":"s","level":"error","message":"MONGO ARC CONNECTION FAILED => trying again "}
{"message":"sysMongoDB database connection successful","level":"info"}
{"message":"mongodb://localhost:27017/user-test","level":"info"}
{"message":"logMongoDB database connection successful","level":"info"}
{"message":"mongodb://localhost:27017/user-log","level":"info"}
{"message":"etlMongoDB database connection successful","level":"info"}
{"message":"mongodb://localhost:27017/user-etl","level":"info"}
{"message":"arcMongoDB database connection successful","level":"info"}
{"message":"mongodb://localhost:27017/user_details","level":"info"}
{"message":{"RequestId":"f1d3xuconx884ai9numdq6qv5","ipAddress":"::1","url":"http://localhost/api/v1/user/search","method":"GET","body":{},"device":"Mozilla/5.0 (Windows NT 10.0; Win64; x64) AppleWebKit/537.36 (KHTML, like Gecko) Chrome/88.0.4324.182 Safari/537.36","createdAt":"2021-02-27T18:32:01.995Z"},"level":"info"}
{"level":"info","message":"Job 9698 got queued of type logRequest"}
